<?xml version="1.0" encoding="UTF-8"?>
<testsuite xmlns:xsi="http://www.w3.org/2001/XMLSchema-instance" xsi:noNamespaceSchemaLocation="https://maven.apache.org/surefire/maven-surefire-plugin/xsd/surefire-test-report-3.0.xsd" version="3.0" name="com.bitknight.common.hash.simulation.ScalingTest" time="0.965" tests="1" errors="0" skipped="0" failures="0">
  <properties>
[...]
</properties>
  <testcase name="scalingAnalysis" classname="com.bitknight.common.hash.simulation.ScalingTest" time="0.965">
    <system-out><![CDATA[3 -> 4 : 25.00%
4 -> 5 : 20.06%
5 -> 6 : 16.82%
6 -> 8 : 24.87%
8 -> 10 : 19.98%
10 -> 20 : 50.22%
]]></system-out>
  </testcase>
</testsuite>